<?xml version="1.0" encoding="utf-8"?><testsuites name="pytest tests"><testsuite name="pytest" errors="0" failures="0" skipped="0" tests="16" time="1.185" timestamp="2026-01-10T13:50:17.553520+00:00" hostname="agent-env-851b8830-f8d1-4795-b7f2-d5c474d3d266"><testcase classname="tests.test_accounting_module.TestAccountingModule" name="test_get_accounts_list" time="0.070" /><testcase classname="tests.test_accounting_module.TestAccountingModule" name="test_create_account" time="0.060" /><testcase classname="tests.test_accounting_module.TestAccountingModule" name="test_get_categories_list" time="0.044" /><testcase classname="tests.test_accounting_module.TestAccountingModule" name="test_create_category" time="0.093" /><testcase classname="tests.test_accounting_module.TestAccountingModule" name="test_get_transactions_for_date" time="0.045" /><testcase classname="tests.test_accounting_module.TestAccountingModule" name="test_create_transaction_and_verify_balance_update" time="0.122" /><testcase classname="tests.test_accounting_module.TestAccountingModule" name="test_create_inflow_transaction" time="0.112" /><testcase classname="tests.test_accounting_module.TestAccountingModule" name="test_transaction_validation_no_remarks" time="0.101" /><testcase classname="tests.test_accounting_module.TestAccountingModule" name="test_transaction_validation_zero_amount" time="0.102" /><testcase classname="tests.test_accounting_module.TestAccountingModule" name="test_get_daily_summary" time="0.091" /><testcase classname="tests.test_accounting_module.TestAccountingModule" name="test_daily_summary_past_date" time="0.045" /><testcase classname="tests.test_accounting_module.TestAccountingModule" name="test_close_day_flow" time="0.042" /><testcase classname="tests.test_accounting_module.TestAccountingModule" name="test_cannot_add_transaction_to_locked_day" time="0.071" /><testcase classname="tests.test_accounting_module.TestAccountingModule" name="test_get_projects_list_for_accounting" time="0.047" /><testcase classname="tests.test_accounting_module.TestAccountingModule" name="test_get_account_balances_report" time="0.041" /><testcase classname="tests.test_accounting_module.TestAccountingModule" name="test_get_category_summary_report" time="0.043" /></testsuite></testsuites>