<?xml version="1.0" encoding="utf-8"?><testsuites name="pytest tests"><testsuite name="pytest" errors="0" failures="0" skipped="0" tests="24" time="1.945" timestamp="2026-01-11T15:11:38.917186+00:00" hostname="agent-env-d268c708-bfa6-4c6a-8b28-64863bcbff7d"><testcase classname="tests.test_bucket1_operational_hygiene.TestBucket1OperationalHygiene" name="test_audit_log_get_all" time="0.075" /><testcase classname="tests.test_bucket1_operational_hygiene.TestBucket1OperationalHygiene" name="test_audit_log_filter_by_entity_type" time="0.083" /><testcase classname="tests.test_bucket1_operational_hygiene.TestBucket1OperationalHygiene" name="test_audit_log_filter_by_action" time="0.046" /><testcase classname="tests.test_bucket1_operational_hygiene.TestBucket1OperationalHygiene" name="test_audit_log_filter_by_date_range" time="0.051" /><testcase classname="tests.test_bucket1_operational_hygiene.TestBucket1OperationalHygiene" name="test_audit_log_pagination" time="0.049" /><testcase classname="tests.test_bucket1_operational_hygiene.TestBucket1OperationalHygiene" name="test_audit_log_entity_history" time="0.059" /><testcase classname="tests.test_bucket1_operational_hygiene.TestBucket1OperationalHygiene" name="test_backup_list" time="0.086" /><testcase classname="tests.test_bucket1_operational_hygiene.TestBucket1OperationalHygiene" name="test_backup_create" time="0.065" /><testcase classname="tests.test_bucket1_operational_hygiene.TestBucket1OperationalHygiene" name="test_backup_restore" time="0.112" /><testcase classname="tests.test_bucket1_operational_hygiene.TestBucket1OperationalHygiene" name="test_reminders_overdue_get" time="0.047" /><testcase classname="tests.test_bucket1_operational_hygiene.TestBucket1OperationalHygiene" name="test_reminders_overdue_with_threshold" time="0.085" /><testcase classname="tests.test_bucket1_operational_hygiene.TestBucket1OperationalHygiene" name="test_reminders_history" time="0.138" /><testcase classname="tests.test_bucket1_operational_hygiene.TestBucket1OperationalHygiene" name="test_reminders_send_mock" time="0.058" /><testcase classname="tests.test_bucket1_operational_hygiene.TestBucket1OperationalHygiene" name="test_reminders_send_with_custom_message" time="0.086" /><testcase classname="tests.test_bucket1_operational_hygiene.TestBucket1OperationalHygiene" name="test_recurring_templates_list" time="0.044" /><testcase classname="tests.test_bucket1_operational_hygiene.TestBucket1OperationalHygiene" name="test_recurring_templates_create" time="0.113" /><testcase classname="tests.test_bucket1_operational_hygiene.TestBucket1OperationalHygiene" name="test_recurring_templates_update" time="0.098" /><testcase classname="tests.test_bucket1_operational_hygiene.TestBucket1OperationalHygiene" name="test_recurring_templates_toggle" time="0.106" /><testcase classname="tests.test_bucket1_operational_hygiene.TestBucket1OperationalHygiene" name="test_recurring_run_scheduled" time="0.042" /><testcase classname="tests.test_bucket1_operational_hygiene.TestBucket1OperationalHygiene" name="test_cashbook_create_generates_audit_log" time="0.110" /><testcase classname="tests.test_bucket1_operational_hygiene.TestBucket1OperationalHygiene" name="test_audit_log_unauthenticated" time="0.081" /><testcase classname="tests.test_bucket1_operational_hygiene.TestBucket1OperationalHygiene" name="test_backup_list_unauthenticated" time="0.067" /><testcase classname="tests.test_bucket1_operational_hygiene.TestBucket1OperationalHygiene" name="test_reminders_unauthenticated" time="0.072" /><testcase classname="tests.test_bucket1_operational_hygiene.TestBucket1OperationalHygiene" name="test_recurring_templates_unauthenticated" time="0.077" /></testsuite></testsuites>