<?xml version="1.0" encoding="utf-8"?><testsuites name="pytest tests"><testsuite name="pytest" errors="0" failures="3" skipped="0" tests="24" time="1.702" timestamp="2026-01-11T06:07:32.455784+00:00" hostname="agent-env-d50519d6-6ab3-40f5-8d8d-5d643ef61305"><testcase classname="tests.test_budget_forecast.TestBudgetForecastModule" name="test_get_budget_categories_returns_10_categories" time="0.106" /><testcase classname="tests.test_budget_forecast.TestBudgetForecastModule" name="test_budget_categories_have_required_fields" time="0.047" /><testcase classname="tests.test_budget_forecast.TestBudgetForecastModule" name="test_list_budgets_returns_200" time="0.050" /><testcase classname="tests.test_budget_forecast.TestBudgetForecastModule" name="test_list_budgets_contains_existing_budget" time="0.042" /><testcase classname="tests.test_budget_forecast.TestBudgetForecastModule" name="test_get_current_budget_returns_200" time="0.049" /><testcase classname="tests.test_budget_forecast.TestBudgetForecastModule" name="test_current_budget_has_actuals" time="0.045" /><testcase classname="tests.test_budget_forecast.TestBudgetForecastModule" name="test_create_budget_with_allocations" time="0.050" /><testcase classname="tests.test_budget_forecast.TestBudgetForecastModule" name="test_create_budget_validates_period_type" time="0.057" /><testcase classname="tests.test_budget_forecast.TestBudgetForecastModule" name="test_create_budget_validates_category_keys" time="0.087" /><testcase classname="tests.test_budget_forecast.TestBudgetForecastModule" name="test_activate_budget_endpoint_exists" time="0.046" /><testcase classname="tests.test_budget_forecast.TestBudgetForecastModule" name="test_get_budget_alerts_returns_200" time="0.048" /><testcase classname="tests.test_budget_forecast.TestBudgetForecastModule" name="test_budget_alerts_structure" time="0.130" /><testcase classname="tests.test_budget_forecast.TestBudgetForecastModule" name="test_get_forecast_returns_200" time="0.045" /><testcase classname="tests.test_budget_forecast.TestBudgetForecastModule" name="test_forecast_contains_health_score" time="0.128" /><testcase classname="tests.test_budget_forecast.TestBudgetForecastModule" name="test_forecast_contains_runway" time="0.050" /><testcase classname="tests.test_budget_forecast.TestBudgetForecastModule" name="test_forecast_contains_sales_pressure" time="0.089" /><testcase classname="tests.test_budget_forecast.TestBudgetForecastModule" name="test_forecast_contains_financial_metrics" time="0.050" /><testcase classname="tests.test_budget_forecast.TestBudgetForecastModule" name="test_forecast_contains_monthly_trends" time="0.045" /><testcase classname="tests.test_budget_forecast.TestBudgetForecastModule" name="test_save_forecast_assumptions" time="0.056" /><testcase classname="tests.test_budget_forecast.TestBudgetForecastModule" name="test_get_approval_rules_returns_200" time="0.095"><failure message="AssertionError: Expected 200, got 404: {&quot;detail&quot;:&quot;Expense request not found&quot;}&#10;assert 404 == 200&#10; +  where 404 = &lt;Response [404]&gt;.status_code">tests/test_budget_forecast.py:337: in test_get_approval_rules_returns_200
    assert response.status_code == 200, f"Expected 200, got {response.status_code}: {response.text}"
E   AssertionError: Expected 200, got 404: {"detail":"Expense request not found"}
E   assert 404 == 200
E    +  where 404 = &lt;Response [404]&gt;.status_code</failure></testcase><testcase classname="tests.test_budget_forecast.TestBudgetForecastModule" name="test_approval_rules_contain_thresholds" time="0.085"><failure message="assert 404 == 200&#10; +  where 404 = &lt;Response [404]&gt;.status_code">tests/test_budget_forecast.py:343: in test_approval_rules_contain_thresholds
    assert response.status_code == 200
E   assert 404 == 200
E    +  where 404 = &lt;Response [404]&gt;.status_code</failure></testcase><testcase classname="tests.test_budget_forecast.TestBudgetForecastModule" name="test_approval_rules_correct_values" time="0.049"><failure message="assert 404 == 200&#10; +  where 404 = &lt;Response [404]&gt;.status_code">tests/test_budget_forecast.py:358: in test_approval_rules_correct_values
    assert response.status_code == 200
E   assert 404 == 200
E    +  where 404 = &lt;Response [404]&gt;.status_code</failure></testcase><testcase classname="tests.test_budget_forecast.TestBudgetForecastModule" name="test_unauthenticated_budget_access_returns_401" time="0.069" /><testcase classname="tests.test_budget_forecast.TestBudgetForecastModule" name="test_unauthenticated_forecast_access_returns_401" time="0.066" /></testsuite></testsuites>