<?xml version="1.0" encoding="utf-8"?><testsuites name="pytest tests"><testsuite name="pytest" errors="0" failures="1" skipped="0" tests="13" time="0.708" timestamp="2026-01-11T14:34:16.067787+00:00" hostname="agent-env-7ce52a8e-6d1a-4bbb-ab8d-f1000c5640e1"><testcase classname="tests.test_cashbook_attachments.TestAttachmentAPIs" name="test_upload_pdf_attachment" time="0.123" /><testcase classname="tests.test_cashbook_attachments.TestAttachmentAPIs" name="test_upload_jpg_attachment" time="0.010" /><testcase classname="tests.test_cashbook_attachments.TestAttachmentAPIs" name="test_upload_png_attachment" time="0.009" /><testcase classname="tests.test_cashbook_attachments.TestAttachmentAPIs" name="test_upload_invalid_file_type_rejected" time="0.049"><failure message="AssertionError: assert 'Only PDF, JPG, PNG' in 'File type not allowed. Supported: PDF, JPG, PNG'&#10; +  where 'File type not allowed. Supported: PDF, JPG, PNG' = &lt;built-in method get of dict object at 0xf9eb195bf300&gt;('detail', '')&#10; +    where &lt;built-in method get of dict object at 0xf9eb195bf300&gt; = {'detail': 'File type not allowed. Supported: PDF, JPG, PNG'}.get&#10; +      where {'detail': 'File type not allowed. Supported: PDF, JPG, PNG'} = json()&#10; +        where json = &lt;Response [400]&gt;.json">tests/test_cashbook_attachments.py:135: in test_upload_invalid_file_type_rejected
    assert "Only PDF, JPG, PNG" in response.json().get("detail", "")
E   AssertionError: assert 'Only PDF, JPG, PNG' in 'File type not allowed. Supported: PDF, JPG, PNG'
E    +  where 'File type not allowed. Supported: PDF, JPG, PNG' = &lt;built-in method get of dict object at 0xf9eb195bf300&gt;('detail', '')
E    +    where &lt;built-in method get of dict object at 0xf9eb195bf300&gt; = {'detail': 'File type not allowed. Supported: PDF, JPG, PNG'}.get
E    +      where {'detail': 'File type not allowed. Supported: PDF, JPG, PNG'} = json()
E    +        where json = &lt;Response [400]&gt;.json</failure></testcase><testcase classname="tests.test_cashbook_attachments.TestAttachmentAPIs" name="test_list_attachments_for_entity" time="0.059" /><testcase classname="tests.test_cashbook_attachments.TestAttachmentAPIs" name="test_download_attachment" time="0.059" /><testcase classname="tests.test_cashbook_attachments.TestAttachmentAPIs" name="test_delete_attachment" time="0.066" /><testcase classname="tests.test_cashbook_attachments.TestCashBookTransactions" name="test_create_transaction_returns_transaction_id" time="0.071" /><testcase classname="tests.test_cashbook_attachments.TestCashBookTransactions" name="test_get_transactions_includes_docs_column_data" time="0.012" /><testcase classname="tests.test_cashbook_attachments.TestProjectFinanceTransactions" name="test_project_finance_includes_transactions" time="0.070" /><testcase classname="tests.test_cashbook_attachments.TestAttachmentPermissions" name="test_unauthenticated_upload_rejected" time="0.035" /><testcase classname="tests.test_cashbook_attachments.TestAttachmentPermissions" name="test_unauthenticated_list_rejected" time="0.039" /><testcase classname="tests.test_cashbook_attachments.TestAttachmentPermissions" name="test_unauthenticated_download_rejected" time="0.037" /></testsuite></testsuites>