<?xml version="1.0" encoding="utf-8"?><testsuites name="pytest tests"><testsuite name="pytest" errors="0" failures="1" skipped="0" tests="15" time="1.516" timestamp="2026-01-10T17:31:16.167673+00:00" hostname="agent-env-150e85b6-2688-4b25-ada1-2a01d985d921"><testcase classname="tests.test_company_profile.TestCompanyProfile" name="test_get_company_settings_returns_all_fields" time="0.183" /><testcase classname="tests.test_company_profile.TestCompanyProfile" name="test_get_company_settings_has_default_values" time="0.109"><failure message="AssertionError: Default primary color should be #1f2937&#10;assert '#2563eb' == '#1f2937'&#10;  &#10;  - #1f2937&#10;  + #2563eb">tests/test_company_profile.py:100: in test_get_company_settings_has_default_values
    assert data.get("primary_color") == "#1f2937", "Default primary color should be #1f2937"
E   AssertionError: Default primary color should be #1f2937
E   assert '#2563eb' == '#1f2937'
E     
E     - #1f2937
E     + #2563eb</failure></testcase><testcase classname="tests.test_company_profile.TestCompanyProfile" name="test_update_company_settings_all_fields" time="0.095" /><testcase classname="tests.test_company_profile.TestCompanyProfile" name="test_company_settings_persistence" time="0.095" /><testcase classname="tests.test_company_profile.TestCompanyProfile" name="test_update_partial_fields" time="0.109" /><testcase classname="tests.test_company_profile.TestCompanyProfile" name="test_company_settings_admin_only" time="0.086" /><testcase classname="tests.test_company_profile.TestReceiptPDFIntegration" name="test_receipt_pdf_endpoint_exists" time="0.080" /><testcase classname="tests.test_company_profile.TestReceiptPDFIntegration" name="test_pdf_contains_company_data" time="0.097" /><testcase classname="tests.test_company_profile.TestReceiptPDFIntegration" name="test_pdf_has_neutral_colors" time="0.075" /><testcase classname="tests.test_company_profile.TestReceiptPDFIntegration" name="test_pdf_download_filename" time="0.083" /><testcase classname="tests.test_company_profile.TestCompanyProfileFields" name="test_gstin_field" time="0.062" /><testcase classname="tests.test_company_profile.TestCompanyProfileFields" name="test_pan_field" time="0.101" /><testcase classname="tests.test_company_profile.TestCompanyProfileFields" name="test_color_fields" time="0.066" /><testcase classname="tests.test_company_profile.TestCompanyProfileFields" name="test_authorized_signatory_field" time="0.071" /><testcase classname="tests.test_company_profile.TestCompanyProfileFields" name="test_receipt_footer_note_field" time="0.079" /></testsuite></testsuites>