<?xml version="1.0" encoding="utf-8"?><testsuites name="pytest tests"><testsuite name="pytest" errors="0" failures="0" skipped="0" tests="16" time="1.284" timestamp="2026-01-10T19:12:50.395699+00:00" hostname="agent-env-d50519d6-6ab3-40f5-8d8d-5d643ef61305"><testcase classname="tests.test_expense_requests.TestExpenseRequestsAuth" name="test_list_expense_requests_authenticated" time="0.118" /><testcase classname="tests.test_expense_requests.TestExpenseRequestsAuth" name="test_list_expense_requests_unauthenticated" time="0.034" /><testcase classname="tests.test_expense_requests.TestExpenseRequestCRUD" name="test_create_expense_request_basic" time="0.055" /><testcase classname="tests.test_expense_requests.TestExpenseRequestCRUD" name="test_create_expense_request_with_project" time="0.018" /><testcase classname="tests.test_expense_requests.TestExpenseRequestCRUD" name="test_create_expense_request_validation" time="0.009" /><testcase classname="tests.test_expense_requests.TestExpenseRequestCRUD" name="test_get_expense_request_details" time="0.069" /><testcase classname="tests.test_expense_requests.TestExpenseRequestCRUD" name="test_list_expense_requests_with_filters" time="0.017" /><testcase classname="tests.test_expense_requests.TestExpenseRequestApproval" name="test_approve_expense_request" time="0.110" /><testcase classname="tests.test_expense_requests.TestExpenseRequestApproval" name="test_reject_expense_request" time="0.028" /><testcase classname="tests.test_expense_requests.TestExpenseRequestApproval" name="test_cannot_approve_already_approved" time="0.081" /><testcase classname="tests.test_expense_requests.TestExpenseRequestRecording" name="test_record_approved_expense" time="0.113" /><testcase classname="tests.test_expense_requests.TestExpenseRequestRecording" name="test_cannot_record_pending_expense" time="0.100" /><testcase classname="tests.test_expense_requests.TestExpenseRequestRefund" name="test_mark_refund_pending" time="0.126" /><testcase classname="tests.test_expense_requests.TestExpenseRequestRefund" name="test_cannot_mark_refund_on_pending_expense" time="0.063" /><testcase classname="tests.test_expense_requests.TestExpenseRequestSummary" name="test_get_summary_stats" time="0.052" /><testcase classname="tests.test_expense_requests.TestExpenseRequestClose" name="test_close_recorded_expense" time="0.145" /></testsuite></testsuites>