<?xml version="1.0" encoding="utf-8"?><testsuites name="pytest tests"><testsuite name="pytest" errors="0" failures="2" skipped="0" tests="23" time="1.119" timestamp="2026-01-10T14:39:51.875787+00:00" hostname="agent-env-851b8830-f8d1-4795-b7f2-d5c474d3d266"><testcase classname="tests.test_finance_controls.TestFounderDashboard" name="test_founder_dashboard_returns_health_status" time="0.136" /><testcase classname="tests.test_finance_controls.TestFounderDashboard" name="test_founder_dashboard_has_account_balances" time="0.021" /><testcase classname="tests.test_finance_controls.TestFounderDashboard" name="test_founder_dashboard_has_month_to_date" time="0.059" /><testcase classname="tests.test_finance_controls.TestFounderDashboard" name="test_founder_dashboard_has_risky_projects" time="0.018" /><testcase classname="tests.test_finance_controls.TestDailyClosing" name="test_daily_closing_returns_account_breakdown" time="0.054" /><testcase classname="tests.test_finance_controls.TestDailyClosing" name="test_daily_closing_account_structure" time="0.054" /><testcase classname="tests.test_finance_controls.TestDailyClosing" name="test_daily_closing_totals_structure" time="0.016" /><testcase classname="tests.test_finance_controls.TestDailyClosing" name="test_daily_closing_history_returns_list" time="0.014" /><testcase classname="tests.test_finance_controls.TestDailyClosing" name="test_daily_closing_past_date" time="0.014" /><testcase classname="tests.test_finance_controls.TestDailyClosingClose" name="test_close_day_locks_transactions" time="0.118" /><testcase classname="tests.test_finance_controls.TestMonthlySnapshots" name="test_monthly_snapshots_list" time="0.055" /><testcase classname="tests.test_finance_controls.TestMonthlySnapshots" name="test_monthly_snapshots_filter_by_year" time="0.014" /><testcase classname="tests.test_finance_controls.TestMonthlySnapshots" name="test_monthly_snapshot_detail" time="0.055" /><testcase classname="tests.test_finance_controls.TestMonthlySnapshots" name="test_monthly_snapshot_has_planned_vs_actual" time="0.015" /><testcase classname="tests.test_finance_controls.TestMonthlySnapshots" name="test_monthly_snapshot_past_month" time="0.015" /><testcase classname="tests.test_finance_controls.TestMonthlySnapshotClose" name="test_cannot_close_current_month" time="0.083" /><testcase classname="tests.test_finance_controls.TestMonthlySnapshotClose" name="test_cannot_close_future_month" time="0.010" /><testcase classname="tests.test_finance_controls.TestProjectSurplusStatus" name="test_project_surplus_status_returns_risk_levels" time="0.058"><failure message="AssertionError: assert 'green' in {'projects': {'amber': [{'actual': 0, 'client_name': 'sharan', 'contract_value': 300000, 'is_over_budget': False, ...}], 'green': [{'actual': 0, 'client_name': 'Thaha', 'contract_value': 0, 'is_over_budget': False, ...}, {'actual': 0, 'client_name': 'Thaha', 'contract_value': 500000.0, 'is_over_budget': False, ...}, {'actual': 0, 'client_name': 'STABILITY_TEST_1767721172', 'contract_value': 0, 'is_over_budget': False, ...}, {'actual': 0, 'client_name': 'FULLTEST_1767722334', 'contract_value': 0, 'is_over_budget': False, ...}, {'actual': 0, 'client_name': 'MILESTONE_TEST_1767723427', 'contract_value': 0, 'is_over_budget': False, ...}], 'red': []}, 'summary': {'amber': 1, 'green': 5, 'red': 0, 'total': 6}}">tests/test_finance_controls.py:346: in test_project_surplus_status_returns_risk_levels
    assert "green" in data
E   AssertionError: assert 'green' in {'projects': {'amber': [{'actual': 0, 'client_name': 'sharan', 'contract_value': 300000, 'is_over_budget': False, ...}], 'green': [{'actual': 0, 'client_name': 'Thaha', 'contract_value': 0, 'is_over_budget': False, ...}, {'actual': 0, 'client_name': 'Thaha', 'contract_value': 500000.0, 'is_over_budget': False, ...}, {'actual': 0, 'client_name': 'STABILITY_TEST_1767721172', 'contract_value': 0, 'is_over_budget': False, ...}, {'actual': 0, 'client_name': 'FULLTEST_1767722334', 'contract_value': 0, 'is_over_budget': False, ...}, {'actual': 0, 'client_name': 'MILESTONE_TEST_1767723427', 'contract_value': 0, 'is_over_budget': False, ...}], 'red': []}, 'summary': {'amber': 1, 'green': 5, 'red': 0, 'total': 6}}</failure></testcase><testcase classname="tests.test_finance_controls.TestProjectSurplusStatus" name="test_project_surplus_status_summary" time="0.019" /><testcase classname="tests.test_finance_controls.TestProjectSurplusStatus" name="test_project_surplus_status_project_structure" time="0.015"><failure message="KeyError: 'green'">tests/test_finance_controls.py:371: in test_project_surplus_status_project_structure
    if len(data[category]) &gt; 0:
           ^^^^^^^^^^^^^^
E   KeyError: 'green'</failure></testcase><testcase classname="tests.test_finance_controls.TestFinanceControlsDataIntegrity" name="test_founder_dashboard_surplus_calculation" time="0.094" /><testcase classname="tests.test_finance_controls.TestFinanceControlsDataIntegrity" name="test_daily_closing_balance_calculation" time="0.017" /><testcase classname="tests.test_finance_controls.TestFinanceControlsDataIntegrity" name="test_monthly_snapshot_net_change_calculation" time="0.018" /></testsuite></testsuites>