<?xml version="1.0" encoding="utf-8"?><testsuites name="pytest tests"><testsuite name="pytest" errors="0" failures="0" skipped="0" tests="15" time="1.152" timestamp="2026-01-10T18:17:33.340214+00:00" hostname="agent-env-150e85b6-2688-4b25-ada1-2a01d985d921"><testcase classname="tests.test_p1_finance_features.TestP1FinanceFeatures" name="test_get_payment_schedule_for_project" time="0.095" /><testcase classname="tests.test_p1_finance_features.TestP1FinanceFeatures" name="test_get_payment_schedule_any_project" time="0.099" /><testcase classname="tests.test_p1_finance_features.TestP1FinanceFeatures" name="test_update_payment_schedule" time="0.077" /><testcase classname="tests.test_p1_finance_features.TestP1FinanceFeatures" name="test_list_invoices" time="0.088" /><testcase classname="tests.test_p1_finance_features.TestP1FinanceFeatures" name="test_create_invoice_requires_gst_project" time="0.051" /><testcase classname="tests.test_p1_finance_features.TestP1FinanceFeatures" name="test_get_invoice_details" time="0.041" /><testcase classname="tests.test_p1_finance_features.TestP1FinanceFeatures" name="test_invoice_pdf_download" time="0.091" /><testcase classname="tests.test_p1_finance_features.TestP1FinanceFeatures" name="test_list_refunds" time="0.054" /><testcase classname="tests.test_p1_finance_features.TestP1FinanceFeatures" name="test_refund_types_validation" time="0.058" /><testcase classname="tests.test_p1_finance_features.TestP1FinanceFeatures" name="test_project_payment_summary" time="0.075" /><testcase classname="tests.test_p1_finance_features.TestP1FinanceFeatures" name="test_list_receipts" time="0.063" /><testcase classname="tests.test_p1_finance_features.TestP1FinanceFeatures" name="test_project_finance_detail" time="0.097" /><testcase classname="tests.test_p1_finance_features.TestSidebarNavigation" name="test_receipts_endpoint_accessible" time="0.054" /><testcase classname="tests.test_p1_finance_features.TestSidebarNavigation" name="test_invoices_endpoint_accessible" time="0.046" /><testcase classname="tests.test_p1_finance_features.TestSidebarNavigation" name="test_refunds_endpoint_accessible" time="0.050" /></testsuite></testsuites>