<?xml version="1.0" encoding="utf-8"?><testsuites name="pytest tests"><testsuite name="pytest" errors="0" failures="0" skipped="0" tests="13" time="1.218" timestamp="2026-01-10T16:16:07.627076+00:00" hostname="agent-env-150e85b6-2688-4b25-ada1-2a01d985d921"><testcase classname="tests.test_receipts_pdf.TestReceiptsAndPDF" name="test_list_receipts" time="0.087" /><testcase classname="tests.test_receipts_pdf.TestReceiptsAndPDF" name="test_get_company_settings" time="0.132" /><testcase classname="tests.test_receipts_pdf.TestReceiptsAndPDF" name="test_update_company_settings" time="0.068" /><testcase classname="tests.test_receipts_pdf.TestReceiptsAndPDF" name="test_get_projects_for_receipt" time="0.063" /><testcase classname="tests.test_receipts_pdf.TestReceiptsAndPDF" name="test_get_accounts_for_receipt" time="0.052" /><testcase classname="tests.test_receipts_pdf.TestReceiptsAndPDF" name="test_create_receipt" time="0.094" /><testcase classname="tests.test_receipts_pdf.TestReceiptsAndPDF" name="test_get_single_receipt" time="0.159" /><testcase classname="tests.test_receipts_pdf.TestReceiptsAndPDF" name="test_generate_pdf" time="0.143" /><testcase classname="tests.test_receipts_pdf.TestReceiptsAndPDF" name="test_pdf_for_existing_receipt" time="0.063" /><testcase classname="tests.test_receipts_pdf.TestReceiptsAndPDF" name="test_receipt_not_found" time="0.085" /><testcase classname="tests.test_receipts_pdf.TestReceiptsAndPDF" name="test_pdf_not_found" time="0.050" /><testcase classname="tests.test_receipts_pdf.TestReceiptsAndPDF" name="test_create_receipt_validation" time="0.050" /><testcase classname="tests.test_receipts_pdf.TestReceiptsListColumns" name="test_receipt_columns" time="0.050" /></testsuite></testsuites>