<?xml version="1.0" encoding="utf-8"?><testsuites name="pytest tests"><testsuite name="pytest" errors="0" failures="0" skipped="0" tests="26" time="1.973" timestamp="2026-01-11T12:35:06.537142+00:00" hostname="agent-env-7ce52a8e-6d1a-4bbb-ab8d-f1000c5640e1"><testcase classname="tests.test_reports_ca_mode.TestReportsAndCAMode" name="test_get_available_reports_success" time="0.123" /><testcase classname="tests.test_reports_ca_mode.TestReportsAndCAMode" name="test_get_available_reports_unauthenticated" time="0.075" /><testcase classname="tests.test_reports_ca_mode.TestReportsAndCAMode" name="test_cash_flow_report_default_period" time="0.050" /><testcase classname="tests.test_reports_ca_mode.TestReportsAndCAMode" name="test_cash_flow_report_6months_period" time="0.057" /><testcase classname="tests.test_reports_ca_mode.TestReportsAndCAMode" name="test_cash_flow_report_12months_period" time="0.086" /><testcase classname="tests.test_reports_ca_mode.TestReportsAndCAMode" name="test_cash_flow_report_custom_period" time="0.092" /><testcase classname="tests.test_reports_ca_mode.TestReportsAndCAMode" name="test_cash_flow_report_has_monthly_trend" time="0.049" /><testcase classname="tests.test_reports_ca_mode.TestReportsAndCAMode" name="test_cash_flow_report_has_category_breakdown" time="0.049" /><testcase classname="tests.test_reports_ca_mode.TestReportsAndCAMode" name="test_cash_flow_report_has_account_breakdown" time="0.086" /><testcase classname="tests.test_reports_ca_mode.TestReportsAndCAMode" name="test_cash_flow_report_has_project_cash_flow" time="0.053" /><testcase classname="tests.test_reports_ca_mode.TestReportsAndCAMode" name="test_cash_flow_report_unauthenticated" time="0.068" /><testcase classname="tests.test_reports_ca_mode.TestReportsAndCAMode" name="test_project_profitability_report_default" time="0.093" /><testcase classname="tests.test_reports_ca_mode.TestReportsAndCAMode" name="test_project_profitability_report_filter_by_stage" time="0.088" /><testcase classname="tests.test_reports_ca_mode.TestReportsAndCAMode" name="test_project_profitability_report_filter_profitable_only" time="0.056" /><testcase classname="tests.test_reports_ca_mode.TestReportsAndCAMode" name="test_project_profitability_report_filter_loss_only" time="0.095" /><testcase classname="tests.test_reports_ca_mode.TestReportsAndCAMode" name="test_project_profitability_report_sort_by_margin" time="0.061" /><testcase classname="tests.test_reports_ca_mode.TestReportsAndCAMode" name="test_project_profitability_report_sort_by_profit" time="0.061" /><testcase classname="tests.test_reports_ca_mode.TestReportsAndCAMode" name="test_project_profitability_report_project_structure" time="0.051" /><testcase classname="tests.test_reports_ca_mode.TestReportsAndCAMode" name="test_project_profitability_report_top_profitable" time="0.075" /><testcase classname="tests.test_reports_ca_mode.TestReportsAndCAMode" name="test_project_profitability_report_top_loss" time="0.066" /><testcase classname="tests.test_reports_ca_mode.TestReportsAndCAMode" name="test_project_profitability_report_unauthenticated" time="0.107" /><testcase classname="tests.test_reports_ca_mode.TestReportsAndCAMode" name="test_ca_role_exists_in_valid_roles" time="0.045" /><testcase classname="tests.test_reports_ca_mode.TestReportsAndCAMode" name="test_ca_role_permissions" time="0.043" /><testcase classname="tests.test_reports_ca_mode.TestReportsAndCAMode" name="test_ca_user_invite" time="0.097" /><testcase classname="tests.test_reports_ca_mode.TestExportFromReports" name="test_export_cashbook_from_cash_flow_report" time="0.102" /><testcase classname="tests.test_reports_ca_mode.TestExportFromReports" name="test_export_project_finance_from_profitability_report" time="0.048" /></testsuite></testsuites>