<?xml version="1.0" encoding="utf-8"?><testsuites name="pytest tests"><testsuite name="pytest" errors="0" failures="0" skipped="0" tests="28" time="1.239" timestamp="2026-01-11T07:03:05.948887+00:00" hostname="agent-env-acc9e8de-4d8a-4d6e-ba48-15f9f57fcb26"><testcase classname="tests.test_salary_module.TestSalaryModuleAuth" name="test_auth_me_returns_user" time="0.091" /><testcase classname="tests.test_salary_module.TestSalaryEndpoints" name="test_get_salaries_returns_200" time="0.049" /><testcase classname="tests.test_salary_module.TestSalaryEndpoints" name="test_get_salaries_structure" time="0.049" /><testcase classname="tests.test_salary_module.TestSalaryEndpoints" name="test_get_salary_summary_returns_200" time="0.012" /><testcase classname="tests.test_salary_module.TestSalaryEndpoints" name="test_salary_summary_has_risk_status" time="0.050" /><testcase classname="tests.test_salary_module.TestSalaryEndpoints" name="test_salary_summary_has_budget_info" time="0.011" /><testcase classname="tests.test_salary_module.TestSalaryEndpoints" name="test_get_salary_cycles_returns_200" time="0.049" /><testcase classname="tests.test_salary_module.TestSalaryEndpoints" name="test_salary_cycles_structure" time="0.008" /><testcase classname="tests.test_salary_module.TestSalaryEndpoints" name="test_get_employees_for_salary_returns_200" time="0.008" /><testcase classname="tests.test_salary_module.TestSalaryEndpoints" name="test_employees_for_salary_structure" time="0.007" /><testcase classname="tests.test_salary_module.TestSalaryCRUDOperations" name="test_create_salary_validation" time="0.053" /><testcase classname="tests.test_salary_module.TestSalaryCRUDOperations" name="test_create_salary_invalid_payment_type" time="0.029" /><testcase classname="tests.test_salary_module.TestSalaryCRUDOperations" name="test_create_salary_for_new_employee" time="0.065" /><testcase classname="tests.test_salary_module.TestSalaryCRUDOperations" name="test_get_salary_detail" time="0.010" /><testcase classname="tests.test_salary_module.TestSalaryCRUDOperations" name="test_get_salary_history" time="0.011" /><testcase classname="tests.test_salary_module.TestSalaryPayments" name="test_create_salary_payment_validation" time="0.079" /><testcase classname="tests.test_salary_module.TestSalaryPayments" name="test_create_advance_payment" time="0.102" /><testcase classname="tests.test_salary_module.TestSalaryPayments" name="test_create_salary_payment" time="0.011" /><testcase classname="tests.test_salary_module.TestSalaryPayments" name="test_payment_creates_cashbook_entry" time="0.057" /><testcase classname="tests.test_salary_module.TestSalaryCycleOperations" name="test_close_cycle_nonexistent" time="0.087" /><testcase classname="tests.test_salary_module.TestSalaryCycleOperations" name="test_close_cycle_validation" time="0.012" /><testcase classname="tests.test_salary_module.TestSalaryExitProcess" name="test_exit_nonexistent_employee" time="0.045" /><testcase classname="tests.test_salary_module.TestSalaryExitProcess" name="test_exit_requires_date" time="0.058" /><testcase classname="tests.test_salary_module.TestUnauthenticatedAccess" name="test_salaries_requires_auth" time="0.035" /><testcase classname="tests.test_salary_module.TestUnauthenticatedAccess" name="test_salary_summary_requires_auth" time="0.036" /><testcase classname="tests.test_salary_module.TestUnauthenticatedAccess" name="test_salary_cycles_requires_auth" time="0.037" /><testcase classname="tests.test_salary_module.TestUnauthenticatedAccess" name="test_employees_for_salary_requires_auth" time="0.038" /><testcase classname="tests.test_salary_module.TestUnauthenticatedAccess" name="test_salary_payments_requires_auth" time="0.038" /></testsuite></testsuites>